2024-12-16 20:19:38,274 - INFO - Processing 10 videos for testing...
2024-12-16 20:19:39,107 - ERROR - Error processing --PJHxphWEs: [0;31mERROR:[0m Unable to extract [0;34muploader id[0m; please report this issue on https://yt-dl.org/bug . Make sure you are using the latest version; see  https://yt-dl.org/update  on how to update. Be sure to call youtube-dl with the --verbose flag and include its complete output.
2024-12-16 20:19:39,438 - ERROR - Error processing --ZhevVpy1s: [0;31mERROR:[0m Video unavailable
This video is no longer available because the YouTube account associated with this video has been terminated.
2024-12-16 20:19:40,181 - ERROR - Error processing --aE2O5G5WE: [0;31mERROR:[0m Unable to extract [0;34muploader id[0m; please report this issue on https://yt-dl.org/bug . Make sure you are using the latest version; see  https://yt-dl.org/update  on how to update. Be sure to call youtube-dl with the --verbose flag and include its complete output.
2024-12-16 20:19:40,713 - ERROR - Error processing --aO5cdqSAg: [0;31mERROR:[0m Video unavailable
This video is no longer available due to a privacy claim by a third party
2024-12-16 20:19:41,651 - ERROR - Error processing --aaILOrkII: [0;31mERROR:[0m Unable to extract [0;34muploader id[0m; please report this issue on https://yt-dl.org/bug . Make sure you are using the latest version; see  https://yt-dl.org/update  on how to update. Be sure to call youtube-dl with the --verbose flag and include its complete output.
2024-12-16 20:19:42,218 - ERROR - Error processing --cB2ZVjpnA: [0;31mERROR:[0m Video unavailable
2024-12-16 20:19:43,061 - ERROR - Error processing --ekDLDTUXA: [0;31mERROR:[0m Unable to extract [0;34muploader id[0m; please report this issue on https://yt-dl.org/bug . Make sure you are using the latest version; see  https://yt-dl.org/update  on how to update. Be sure to call youtube-dl with the --verbose flag and include its complete output.
2024-12-16 20:19:44,283 - ERROR - Error processing -0DLPzsiXXE: [0;31mERROR:[0m Unable to extract [0;34muploader id[0m; please report this issue on https://yt-dl.org/bug . Make sure you are using the latest version; see  https://yt-dl.org/update  on how to update. Be sure to call youtube-dl with the --verbose flag and include its complete output.
2024-12-16 20:19:45,087 - ERROR - Error processing -0DdlOuIFUI: [0;31mERROR:[0m Unable to extract [0;34muploader id[0m; please report this issue on https://yt-dl.org/bug . Make sure you are using the latest version; see  https://yt-dl.org/update  on how to update. Be sure to call youtube-dl with the --verbose flag and include its complete output.
2024-12-16 20:19:45,458 - ERROR - Error processing -0FHUc78Gqo: [0;31mERROR:[0m Private video
Sign in if you've been granted access to this video
2024-12-16 20:19:45,458 - INFO - Test processing completed!
2024-12-16 20:20:53,566 - INFO - Processing 20 videos for testing...
2024-12-16 20:20:54,824 - ERROR - Error processing --PJHxphWEs: [0;31mERROR:[0m Unable to extract [0;34muploader id[0m; please report this issue on https://yt-dl.org/bug . Make sure you are using the latest version; see  https://yt-dl.org/update  on how to update. Be sure to call youtube-dl with the --verbose flag and include its complete output.
2024-12-16 20:20:55,180 - ERROR - Error processing --ZhevVpy1s: [0;31mERROR:[0m Video unavailable
This video is no longer available because the YouTube account associated with this video has been terminated.
2024-12-16 20:20:56,405 - ERROR - Error processing --aE2O5G5WE: [0;31mERROR:[0m Unable to extract [0;34muploader id[0m; please report this issue on https://yt-dl.org/bug . Make sure you are using the latest version; see  https://yt-dl.org/update  on how to update. Be sure to call youtube-dl with the --verbose flag and include its complete output.
2024-12-16 20:20:56,744 - ERROR - Error processing --aO5cdqSAg: [0;31mERROR:[0m Video unavailable
This video is no longer available due to a privacy claim by a third party
2024-12-16 20:20:57,904 - ERROR - Error processing --aaILOrkII: [0;31mERROR:[0m Unable to extract [0;34muploader id[0m; please report this issue on https://yt-dl.org/bug . Make sure you are using the latest version; see  https://yt-dl.org/update  on how to update. Be sure to call youtube-dl with the --verbose flag and include its complete output.
2024-12-16 20:20:58,306 - ERROR - Error processing --cB2ZVjpnA: [0;31mERROR:[0m Video unavailable
2024-12-16 20:20:59,126 - ERROR - Error processing --ekDLDTUXA: [0;31mERROR:[0m Unable to extract [0;34muploader id[0m; please report this issue on https://yt-dl.org/bug . Make sure you are using the latest version; see  https://yt-dl.org/update  on how to update. Be sure to call youtube-dl with the --verbose flag and include its complete output.
2024-12-16 20:21:00,267 - ERROR - Error processing -0DLPzsiXXE: [0;31mERROR:[0m Unable to extract [0;34muploader id[0m; please report this issue on https://yt-dl.org/bug . Make sure you are using the latest version; see  https://yt-dl.org/update  on how to update. Be sure to call youtube-dl with the --verbose flag and include its complete output.
2024-12-16 20:21:01,174 - ERROR - Error processing -0DdlOuIFUI: [0;31mERROR:[0m Unable to extract [0;34muploader id[0m; please report this issue on https://yt-dl.org/bug . Make sure you are using the latest version; see  https://yt-dl.org/update  on how to update. Be sure to call youtube-dl with the --verbose flag and include its complete output.
2024-12-16 20:21:01,561 - ERROR - Error processing -0FHUc78Gqo: [0;31mERROR:[0m Private video
Sign in if you've been granted access to this video
2024-12-16 20:21:02,818 - ERROR - Error processing -0O3e95y4gE: [0;31mERROR:[0m Unable to extract [0;34muploader id[0m; please report this issue on https://yt-dl.org/bug . Make sure you are using the latest version; see  https://yt-dl.org/update  on how to update. Be sure to call youtube-dl with the --verbose flag and include its complete output.
2024-12-16 20:21:03,796 - ERROR - Error processing -0SdAVK79lg: [0;31mERROR:[0m Unable to extract [0;34muploader id[0m; please report this issue on https://yt-dl.org/bug . Make sure you are using the latest version; see  https://yt-dl.org/update  on how to update. Be sure to call youtube-dl with the --verbose flag and include its complete output.
2024-12-16 20:21:04,347 - ERROR - Error processing -0Vl4HyWRk8: [0;31mERROR:[0m Video unavailable
This video is no longer available because the YouTube account associated with this video has been terminated.
2024-12-16 20:21:04,964 - ERROR - Error processing -0mG4W5Hlq8: [0;31mERROR:[0m Video unavailable
2024-12-16 20:21:06,134 - ERROR - Error processing -0mjrMposBM: [0;31mERROR:[0m Unable to extract [0;34muploader id[0m; please report this issue on https://yt-dl.org/bug . Make sure you are using the latest version; see  https://yt-dl.org/update  on how to update. Be sure to call youtube-dl with the --verbose flag and include its complete output.
2024-12-16 20:21:07,756 - ERROR - Error processing -11LhdJgBb8: [0;31mERROR:[0m Signature extraction failed: Traceback (most recent call last):
  File "/home/soham/anaconda3/lib/python3.12/site-packages/youtube_dl/extractor/youtube.py", line 1360, in _decrypt_signature
    func = self._extract_signature_function(
           ^^^^^^^^^^^^^^^^^^^^^^^^^^^^^^^^^
  File "/home/soham/anaconda3/lib/python3.12/site-packages/youtube_dl/extractor/youtube.py", line 1274, in _extract_signature_function
    res = self._parse_sig_js(code)
          ^^^^^^^^^^^^^^^^^^^^^^^^
  File "/home/soham/anaconda3/lib/python3.12/site-packages/youtube_dl/extractor/youtube.py", line 1343, in _parse_sig_js
    initial_function = jsi.extract_function(funcname)
                       ^^^^^^^^^^^^^^^^^^^^^^^^^^^^^^
  File "/home/soham/anaconda3/lib/python3.12/site-packages/youtube_dl/jsinterp.py", line 245, in extract_function
    raise ExtractorError('Could not find JS function %r' % funcname)
youtube_dl.utils.ExtractorError: Could not find JS function 'decodeURIComponent'; please report this issue on https://yt-dl.org/bug . Make sure you are using the latest version; see  https://yt-dl.org/update  on how to update. Be sure to call youtube-dl with the --verbose flag and include its complete output.
 (caused by ExtractorError("Could not find JS function 'decodeURIComponent'; please report this issue on https://yt-dl.org/bug . Make sure you are using the latest version; see  https://yt-dl.org/update  on how to update. Be sure to call youtube-dl with the --verbose flag and include its complete output.")); please report this issue on https://yt-dl.org/bug . Make sure you are using the latest version; see  https://yt-dl.org/update  on how to update. Be sure to call youtube-dl with the --verbose flag and include its complete output.
2024-12-16 20:21:08,561 - ERROR - Error processing -1LrH01Ei1w: [0;31mERROR:[0m Unable to extract [0;34muploader id[0m; please report this issue on https://yt-dl.org/bug . Make sure you are using the latest version; see  https://yt-dl.org/update  on how to update. Be sure to call youtube-dl with the --verbose flag and include its complete output.
2024-12-16 20:21:08,957 - ERROR - Error processing -1TLtjPtnms: [0;31mERROR:[0m Private video
Sign in if you've been granted access to this video
2024-12-16 20:21:10,848 - ERROR - Error processing -1iKLvsRBbE: [0;31mERROR:[0m Signature extraction failed: Traceback (most recent call last):
  File "/home/soham/anaconda3/lib/python3.12/site-packages/youtube_dl/extractor/youtube.py", line 1360, in _decrypt_signature
    func = self._extract_signature_function(
           ^^^^^^^^^^^^^^^^^^^^^^^^^^^^^^^^^
  File "/home/soham/anaconda3/lib/python3.12/site-packages/youtube_dl/extractor/youtube.py", line 1274, in _extract_signature_function
    res = self._parse_sig_js(code)
          ^^^^^^^^^^^^^^^^^^^^^^^^
  File "/home/soham/anaconda3/lib/python3.12/site-packages/youtube_dl/extractor/youtube.py", line 1343, in _parse_sig_js
    initial_function = jsi.extract_function(funcname)
                       ^^^^^^^^^^^^^^^^^^^^^^^^^^^^^^
  File "/home/soham/anaconda3/lib/python3.12/site-packages/youtube_dl/jsinterp.py", line 245, in extract_function
    raise ExtractorError('Could not find JS function %r' % funcname)
youtube_dl.utils.ExtractorError: Could not find JS function 'decodeURIComponent'; please report this issue on https://yt-dl.org/bug . Make sure you are using the latest version; see  https://yt-dl.org/update  on how to update. Be sure to call youtube-dl with the --verbose flag and include its complete output.
 (caused by ExtractorError("Could not find JS function 'decodeURIComponent'; please report this issue on https://yt-dl.org/bug . Make sure you are using the latest version; see  https://yt-dl.org/update  on how to update. Be sure to call youtube-dl with the --verbose flag and include its complete output.")); please report this issue on https://yt-dl.org/bug . Make sure you are using the latest version; see  https://yt-dl.org/update  on how to update. Be sure to call youtube-dl with the --verbose flag and include its complete output.
2024-12-16 20:21:11,741 - ERROR - Error processing -24dqQM_rDk: [0;31mERROR:[0m Video unavailable
This video is not available
2024-12-16 20:21:11,741 - INFO - Test processing completed!
2024-12-16 20:24:52,430 - INFO - Processing 20 videos for testing...
2024-12-16 20:25:13,498 - WARNING - Could not download video --ZhevVpy1s: [0;31mERROR:[0m [youtube] --ZhevVpy1s: Video unavailable. This video is no longer available because the YouTube account associated with this video has been terminated.
2024-12-16 20:25:20,866 - WARNING - Could not download video --aO5cdqSAg: [0;31mERROR:[0m [youtube] --aO5cdqSAg: Video unavailable. This video is no longer available due to a privacy claim by a third party
2024-12-16 20:25:40,425 - WARNING - Could not download video --cB2ZVjpnA: [0;31mERROR:[0m [youtube] --cB2ZVjpnA: Video unavailable
2024-12-16 20:26:13,505 - WARNING - Could not download video -0FHUc78Gqo: [0;31mERROR:[0m [youtube] -0FHUc78Gqo: Private video. Sign in if you've been granted access to this video. Use --cookies-from-browser or --cookies for the authentication. See  https://github.com/yt-dlp/yt-dlp/wiki/FAQ#how-do-i-pass-cookies-to-yt-dlp  for how to manually pass cookies. Also see  https://github.com/yt-dlp/yt-dlp/wiki/Extractors#exporting-youtube-cookies  for tips on effectively exporting YouTube cookies
2024-12-16 20:27:54,035 - WARNING - Could not download video -0Vl4HyWRk8: [0;31mERROR:[0m [youtube] -0Vl4HyWRk8: Video unavailable. This video is no longer available because the YouTube account associated with this video has been terminated.
2024-12-16 20:27:54,983 - WARNING - Could not download video -0mG4W5Hlq8: [0;31mERROR:[0m [youtube] -0mG4W5Hlq8: Video unavailable
2024-12-16 20:28:54,991 - WARNING - Could not download video -1TLtjPtnms: [0;31mERROR:[0m [youtube] -1TLtjPtnms: Private video. Sign in if you've been granted access to this video. Use --cookies-from-browser or --cookies for the authentication. See  https://github.com/yt-dlp/yt-dlp/wiki/FAQ#how-do-i-pass-cookies-to-yt-dlp  for how to manually pass cookies. Also see  https://github.com/yt-dlp/yt-dlp/wiki/Extractors#exporting-youtube-cookies  for tips on effectively exporting YouTube cookies
2024-12-16 20:31:12,379 - WARNING - Could not download video -24dqQM_rDk: [0;31mERROR:[0m [youtube] -24dqQM_rDk: Video unavailable. This video is not available
2024-12-16 20:31:12,381 - INFO - Test processing completed!
2024-12-16 20:36:42,823 - INFO - Processing 20 videos for testing...
2024-12-16 20:36:45,520 - INFO - Successfully downloaded video --PJHxphWEs
2024-12-16 20:36:45,522 - ERROR - Audio file not found for --PJHxphWEs
2024-12-16 20:36:46,451 - ERROR - Download failed for --ZhevVpy1s: [0;31mERROR:[0m [youtube] --ZhevVpy1s: Video unavailable. This video is no longer available because the YouTube account associated with this video has been terminated.
2024-12-16 20:36:48,802 - INFO - Successfully downloaded video --aE2O5G5WE
2024-12-16 20:36:48,804 - ERROR - Audio file not found for --aE2O5G5WE
2024-12-16 20:36:49,415 - ERROR - Download failed for --aO5cdqSAg: [0;31mERROR:[0m [youtube] --aO5cdqSAg: Video unavailable. This video is no longer available due to a privacy claim by a third party
2024-12-16 20:36:51,670 - INFO - Successfully downloaded video --aaILOrkII
2024-12-16 20:36:51,671 - ERROR - Audio file not found for --aaILOrkII
2024-12-16 20:36:52,489 - ERROR - Download failed for --cB2ZVjpnA: [0;31mERROR:[0m [youtube] --cB2ZVjpnA: Video unavailable
2024-12-16 20:36:54,847 - INFO - Successfully downloaded video --ekDLDTUXA
2024-12-16 20:36:54,848 - ERROR - Audio file not found for --ekDLDTUXA
2024-12-16 20:36:57,085 - INFO - Successfully downloaded video -0DLPzsiXXE
2024-12-16 20:36:57,087 - ERROR - Audio file not found for -0DLPzsiXXE
2024-12-16 20:36:59,070 - INFO - Successfully downloaded video -0DdlOuIFUI
2024-12-16 20:36:59,072 - ERROR - Audio file not found for -0DdlOuIFUI
2024-12-16 20:36:59,864 - ERROR - Download failed for -0FHUc78Gqo: [0;31mERROR:[0m [youtube] -0FHUc78Gqo: Private video. Sign in if you've been granted access to this video. Use --cookies-from-browser or --cookies for the authentication. See  https://github.com/yt-dlp/yt-dlp/wiki/FAQ#how-do-i-pass-cookies-to-yt-dlp  for how to manually pass cookies. Also see  https://github.com/yt-dlp/yt-dlp/wiki/Extractors#exporting-youtube-cookies  for tips on effectively exporting YouTube cookies
2024-12-16 20:37:02,003 - INFO - Successfully downloaded video -0O3e95y4gE
2024-12-16 20:37:02,005 - ERROR - Audio file not found for -0O3e95y4gE
2024-12-16 20:37:04,383 - INFO - Successfully downloaded video -0SdAVK79lg
2024-12-16 20:37:04,384 - ERROR - Audio file not found for -0SdAVK79lg
2024-12-16 20:37:05,189 - ERROR - Download failed for -0Vl4HyWRk8: [0;31mERROR:[0m [youtube] -0Vl4HyWRk8: Video unavailable. This video is no longer available because the YouTube account associated with this video has been terminated.
2024-12-16 20:37:06,111 - ERROR - Download failed for -0mG4W5Hlq8: [0;31mERROR:[0m [youtube] -0mG4W5Hlq8: Video unavailable
2024-12-16 20:37:08,341 - INFO - Successfully downloaded video -0mjrMposBM
2024-12-16 20:37:08,343 - ERROR - Audio file not found for -0mjrMposBM
2024-12-16 20:37:10,961 - INFO - Successfully downloaded video -11LhdJgBb8
2024-12-16 20:37:10,962 - ERROR - Audio file not found for -11LhdJgBb8
2024-12-16 20:37:13,373 - INFO - Successfully downloaded video -1LrH01Ei1w
2024-12-16 20:37:13,374 - ERROR - Audio file not found for -1LrH01Ei1w
2024-12-16 20:37:14,302 - ERROR - Download failed for -1TLtjPtnms: [0;31mERROR:[0m [youtube] -1TLtjPtnms: Private video. Sign in if you've been granted access to this video. Use --cookies-from-browser or --cookies for the authentication. See  https://github.com/yt-dlp/yt-dlp/wiki/FAQ#how-do-i-pass-cookies-to-yt-dlp  for how to manually pass cookies. Also see  https://github.com/yt-dlp/yt-dlp/wiki/Extractors#exporting-youtube-cookies  for tips on effectively exporting YouTube cookies
2024-12-16 20:37:16,549 - INFO - Successfully downloaded video -1iKLvsRBbE
2024-12-16 20:37:16,550 - ERROR - Audio file not found for -1iKLvsRBbE
2024-12-16 20:37:17,633 - ERROR - Download failed for -24dqQM_rDk: [0;31mERROR:[0m [youtube] -24dqQM_rDk: Video unavailable. This video is not available
2024-12-16 20:37:17,636 - INFO - Shard 0 completed. Successfully wrote 0 examples
2024-12-16 20:37:17,636 - INFO - Test processing completed!
2024-12-16 20:38:38,676 - INFO - Processing 20 videos for testing...
2024-12-16 20:38:41,269 - INFO - Successfully downloaded audio for --PJHxphWEs
2024-12-16 20:38:41,269 - INFO - Processing audio for --PJHxphWEs
2024-12-16 20:38:47,681 - INFO - Audio processing complete for --PJHxphWEs
2024-12-16 20:38:57,499 - INFO - Video processing complete for --PJHxphWEs
2024-12-16 20:38:57,523 - INFO - Successfully processed video --PJHxphWEs
2024-12-16 20:38:58,346 - ERROR - Download failed for --ZhevVpy1s: [0;31mERROR:[0m [youtube] --ZhevVpy1s: Video unavailable. This video is no longer available because the YouTube account associated with this video has been terminated.
2024-12-16 20:39:01,877 - INFO - Successfully downloaded audio for --aE2O5G5WE
2024-12-16 20:39:01,877 - INFO - Processing audio for --aE2O5G5WE
2024-12-16 20:39:01,902 - INFO - Audio processing complete for --aE2O5G5WE
2024-12-16 20:39:06,206 - INFO - Video processing complete for --aE2O5G5WE
2024-12-16 20:39:06,225 - INFO - Successfully processed video --aE2O5G5WE
2024-12-16 20:39:07,253 - ERROR - Download failed for --aO5cdqSAg: [0;31mERROR:[0m [youtube] --aO5cdqSAg: Video unavailable. This video is no longer available due to a privacy claim by a third party
2024-12-16 20:39:10,216 - INFO - Successfully downloaded audio for --aaILOrkII
2024-12-16 20:39:10,216 - INFO - Processing audio for --aaILOrkII
2024-12-16 20:39:10,411 - INFO - Audio processing complete for --aaILOrkII
2024-12-16 20:39:29,981 - INFO - Video processing complete for --aaILOrkII
2024-12-16 20:39:30,018 - INFO - Successfully processed video --aaILOrkII
2024-12-16 20:39:30,702 - ERROR - Download failed for --cB2ZVjpnA: [0;31mERROR:[0m [youtube] --cB2ZVjpnA: Video unavailable
2024-12-16 20:39:33,676 - INFO - Successfully downloaded audio for --ekDLDTUXA
2024-12-16 20:39:33,676 - INFO - Processing audio for --ekDLDTUXA
2024-12-16 20:39:33,724 - INFO - Audio processing complete for --ekDLDTUXA
2024-12-16 20:39:55,026 - INFO - Video processing complete for --ekDLDTUXA
2024-12-16 20:39:55,062 - INFO - Successfully processed video --ekDLDTUXA
2024-12-16 20:39:58,943 - INFO - Successfully downloaded audio for -0DLPzsiXXE
2024-12-16 20:39:58,944 - INFO - Processing audio for -0DLPzsiXXE
2024-12-16 20:39:59,000 - INFO - Audio processing complete for -0DLPzsiXXE
2024-12-16 20:40:02,514 - INFO - Video processing complete for -0DLPzsiXXE
2024-12-16 20:40:02,535 - INFO - Successfully processed video -0DLPzsiXXE
2024-12-16 20:40:05,194 - INFO - Successfully downloaded audio for -0DdlOuIFUI
2024-12-16 20:40:05,194 - INFO - Processing audio for -0DdlOuIFUI
2024-12-16 20:40:05,260 - INFO - Audio processing complete for -0DdlOuIFUI
2024-12-16 20:40:08,224 - INFO - Video processing complete for -0DdlOuIFUI
2024-12-16 20:40:08,245 - INFO - Successfully processed video -0DdlOuIFUI
2024-12-16 20:40:08,907 - ERROR - Download failed for -0FHUc78Gqo: [0;31mERROR:[0m [youtube] -0FHUc78Gqo: Private video. Sign in if you've been granted access to this video. Use --cookies-from-browser or --cookies for the authentication. See  https://github.com/yt-dlp/yt-dlp/wiki/FAQ#how-do-i-pass-cookies-to-yt-dlp  for how to manually pass cookies. Also see  https://github.com/yt-dlp/yt-dlp/wiki/Extractors#exporting-youtube-cookies  for tips on effectively exporting YouTube cookies
2024-12-16 20:40:11,606 - INFO - Successfully downloaded audio for -0O3e95y4gE
2024-12-16 20:40:11,606 - INFO - Processing audio for -0O3e95y4gE
2024-12-16 20:40:11,705 - INFO - Audio processing complete for -0O3e95y4gE
2024-12-16 20:40:17,135 - INFO - Video processing complete for -0O3e95y4gE
2024-12-16 20:40:17,158 - INFO - Successfully processed video -0O3e95y4gE
2024-12-16 20:40:22,135 - INFO - Successfully downloaded audio for -0SdAVK79lg
2024-12-16 20:40:22,135 - INFO - Processing audio for -0SdAVK79lg
2024-12-16 20:40:22,185 - INFO - Audio processing complete for -0SdAVK79lg
2024-12-16 20:41:14,271 - INFO - Video processing complete for -0SdAVK79lg
2024-12-16 20:41:14,313 - INFO - Successfully processed video -0SdAVK79lg
2024-12-16 20:41:15,014 - ERROR - Download failed for -0Vl4HyWRk8: [0;31mERROR:[0m [youtube] -0Vl4HyWRk8: Video unavailable. This video is no longer available because the YouTube account associated with this video has been terminated.
2024-12-16 20:41:15,971 - ERROR - Download failed for -0mG4W5Hlq8: [0;31mERROR:[0m [youtube] -0mG4W5Hlq8: Video unavailable
2024-12-16 20:41:21,556 - INFO - Successfully downloaded audio for -0mjrMposBM
2024-12-16 20:41:21,557 - INFO - Processing audio for -0mjrMposBM
2024-12-16 20:41:21,638 - INFO - Audio processing complete for -0mjrMposBM
2024-12-16 20:41:53,988 - INFO - Video processing complete for -0mjrMposBM
2024-12-16 20:41:54,036 - INFO - Successfully processed video -0mjrMposBM
2024-12-16 20:41:57,734 - INFO - Successfully downloaded audio for -11LhdJgBb8
2024-12-16 20:41:57,734 - INFO - Processing audio for -11LhdJgBb8
2024-12-16 20:41:57,783 - INFO - Audio processing complete for -11LhdJgBb8
2024-12-16 20:42:04,818 - INFO - Video processing complete for -11LhdJgBb8
2024-12-16 20:42:04,843 - INFO - Successfully processed video -11LhdJgBb8
2024-12-16 20:42:07,504 - INFO - Successfully downloaded audio for -1LrH01Ei1w
2024-12-16 20:42:07,504 - INFO - Processing audio for -1LrH01Ei1w
2024-12-16 20:42:07,548 - INFO - Audio processing complete for -1LrH01Ei1w
2024-12-16 20:42:11,379 - INFO - Video processing complete for -1LrH01Ei1w
2024-12-16 20:42:11,399 - INFO - Successfully processed video -1LrH01Ei1w
2024-12-16 20:42:12,191 - ERROR - Download failed for -1TLtjPtnms: [0;31mERROR:[0m [youtube] -1TLtjPtnms: Private video. Sign in if you've been granted access to this video. Use --cookies-from-browser or --cookies for the authentication. See  https://github.com/yt-dlp/yt-dlp/wiki/FAQ#how-do-i-pass-cookies-to-yt-dlp  for how to manually pass cookies. Also see  https://github.com/yt-dlp/yt-dlp/wiki/Extractors#exporting-youtube-cookies  for tips on effectively exporting YouTube cookies
2024-12-16 20:42:16,234 - INFO - Successfully downloaded audio for -1iKLvsRBbE
2024-12-16 20:42:16,235 - INFO - Processing audio for -1iKLvsRBbE
2024-12-16 20:42:16,314 - INFO - Audio processing complete for -1iKLvsRBbE
2024-12-16 20:44:00,831 - INFO - Video processing complete for -1iKLvsRBbE
2024-12-16 20:44:00,928 - INFO - Successfully processed video -1iKLvsRBbE
2024-12-16 20:44:01,948 - ERROR - Download failed for -24dqQM_rDk: [0;31mERROR:[0m [youtube] -24dqQM_rDk: Video unavailable. This video is not available
2024-12-16 20:44:01,951 - INFO - Shard 0 completed. Successfully wrote 12 examples
2024-12-16 20:44:01,951 - INFO - Test processing completed!
